{ "_id" : 1092190045, "count" : 3718 } 	;REAL   @rh_neukoelln
{ "_id" : 1158142987, "count" : 2126 }	; REAL @sakineee_
{ "_id" : 1161481, "count" : 85, "maxStatus" : 86839 } ; @moellus REAL
{ "_id" : 1198221380, "count" : 2684 }	; REAL @zerspieltspam
{ "_id" : 121311868, "count" : 1338, "maxStatus" : 211687 } ; REAL @anawtx
{ "_id" : 12413532, "count" : 118, "maxStatus" : 93357 } ;@snoopsmaus REAL
{ "_id" : 12829072, "count" : 144, "maxStatus" : 89662 } ;@Amujan REAL
{ "_id" : 129789846, "count" : 149, "maxStatus" : 137797 } ;@Stormzy1  REAL
{ "_id" : 129793763, "count" : 70, "maxStatus" : 90074 } ;@BitteNichMobben REAL
{ "_id" : 135547073, "count" : 346, "maxStatus" : 108257 } ;@KaiMicha REAL
{ "_id" : 14577254, "count" : 684, "maxStatus" : 93004 } ;@Karlreca REAL
{ "_id" : 14759189, "count" : 3112 }	;REAL @zanzando
{ "_id" : 15005857, "count" : 139, "maxStatus" : 77734 } ; @forgiveninasong REAL
{ "_id" : 15055852, "count" : 1700, "maxStatus" : 136554 } ;@GillyBerlin REAL
{ "_id" : 15885218, "count" : 154, "maxStatus" : 122046 } ;@AranJaeger REAL
{ "_id" : 16358256, "count" : 66, "maxStatus" : 99304 }	;@eljojo REAL
{ "_id" : 163799736, "count" : 51, "maxStatus" : 98068 } ;@Sturmvogel11 REAL
{ "_id" : 18567270, "count" : 224, "maxStatus" : 108997 } ;@macsnider REAL
{ "_id" : 193361401, "count" : 143, "maxStatus" : 104985 } ;@Prinz_Klug REAL
{ "_id" : 198782546, "count" : 107, "maxStatus" : 301361 } ;REAL @evathe1975
{ "_id" : 20141686, "count" : 54, "maxStatus" : 84574 }	;@naja_xaoticca REAL
{ "_id" : 20149356, "count" : 129, "maxStatus" : 101978 } ;@HerrShapiro REAL
{ "_id" : 203996924, "count" : 118, "maxStatus" : 85221 } ;@Nancylicious_ REAL
{ "_id" : 20733251, "count" : 147, "maxStatus" : 86951 } ;@lana74 REAL
{ "_id" : 20927595, "count" : 2809 }	;REAL @Wally44
{ "_id" : 215292728, "count" : 148, "maxStatus" : 170855 } ;REAL @soltempore
{ "_id" : 219230017, "count" : 96, "maxStatus" : 99756 } ;@bilalardic_ REAL
{ "_id" : 224607633, "count" : 319, "maxStatus" : 104954 } ;@mgd_1970 REAL
{ "_id" : 23920105, "count" : 264, "maxStatus" : 85128 } ;@DennyRamone REAL
{ "_id" : 24752511, "count" : 64, "maxStatus" : 99234 }	;@Alyson_Lindley REAL
{ "_id" : 25053194, "count" : 274, "maxStatus" : 82950 } ;@svhennig REAL
{ "_id" : 266365300, "count" : 205, "maxStatus" : 75634 } ;@MadeInChinaOo REAL
{ "_id" : 27714778, "count" : 89, "maxStatus" : 77302 }	; @lucasrohan 
{ "_id" : 29430823, "count" : 3142 }	;REAL @dasauge_jobs
{ "_id" : 35535998, "count" : 408, "maxStatus" : 83735 } ;@acid23 REAL
{ "_id" : 39450716, "count" : 71, "maxStatus" : 80103 }	;@blackibiza REAL
{ "_id" : 40138873, "count" : 504, "maxStatus" : 78149 } ;@wladimirvasquez REAL
{ "_id" : 461567462, "count" : 55, "maxStatus" : 88376 } ;@chiara_mondino REAL
{ "_id" : 60588219, "count" : 53, "maxStatus" : 108747 } ;@whatsheCED REAL
{ "_id" : 618197559, "count" : 59, "maxStatus" : 97179 } ;@TehTerri REAL
{ "_id" : 6322192, "count" : 109, "maxStatus" : 101373 } ; @ellieq  REAL
{ "_id" : 63472831, "count" : 91, "maxStatus" : 91887 }	;@Anthony_Bateman REAL
{ "_id" : 65883175, "count" : 83, "maxStatus" : 133972 } ;@Osechkin REAL
{ "_id" : 71267445, "count" : 58, "maxStatus" : 76301 }	;@robertotiznado 
{ "_id" : 719253874, "count" : 58, "maxStatus" : 95599 } ;not found
{ "_id" : 72481730, "count" : 58, "maxStatus" : 186168 } ;REAL @berlincore
{ "_id" : 757983445, "count" : 138, "maxStatus" : 81262 } ;@nosm1433 REAL
{ "_id" : 900856207, "count" : 2843 }	;REAL @Hexe2910
{ "_id" : 942424231, "count" : 7041 }	;REAL @dynamo1955
{ "_id" : 9708832, "count" : 228, "maxStatus" : 88008 }	;@leo1969 REAL
{ "_id" : NumberLong("2213951234"), "count" : 318, "maxStatus" : 197005 } ;REAL  @YGuM_
{ "_id" : NumberLong("2244987634"), "count" : 2604 } ;REAL @GotDrunkWithLou
{ "_id" : NumberLong("2265385491"), "count" : 54, "maxStatus" : 87125 }	;@AliquaScripto REAL
{ "_id" : NumberLong("2537504687"), "count" : 2900 } ;REAL @OscarmW
{ "_id" : NumberLong("2948822579"), "count" : 2695 } ;REAL @AyseAyseucan62
